<?xml version="1.0" encoding="UTF-8"?>
<!-- Generated by org.testng.reporters.JUnitXMLReporter -->
<testsuite ignored="1" hostname="LAPTOP-BIM2FR3V" failures="0" tests="9" name="Default test" time="60.548" errors="0" timestamp="2025-07-02T10:20:55 IST">
  <testcase classname="testScenarios.Rediff" name="openRediff" time="8.427"/>
  <testcase classname="testScenarios.Rediff" name="loginRediff" time="0.017"/>
  <testcase classname="testScenarios.Rediff" name="closeRediff" time="0.212"/>
  <testcase classname="testScenarios.SwitchingWind" name="switchWin" time="26.389"/>
  <testcase classname="testScenarios.MouseHoverActions" name="datePicker" time="6.142"/>
  <testcase classname="testScenarios.MouseHoverActions" name="dragAndDrop" time="2.513"/>
  <testcase classname="testScenarios.ThruTextFile" name="writeAndReadFrmtxtFile" time="0.005"/>
  <testcase classname="testScenarios.Vindeep" name="vin" time="12.375"/>
  <testcase classname="testScenarios.DynDataHand" name="dynData" time="4.408"/>
  <testcase classname="testScenarios.Rediff" name="loginRediff1" time="0.0">
    <ignored/>
  </testcase> <!-- loginRediff1 -->
</testsuite> <!-- Default test -->
