<?xml version="1.0" encoding="UTF-8"?>
<!-- Generated by org.testng.reporters.JUnitXMLReporter -->
<testsuite ignored="1" hostname="LAPTOP-BIM2FR3V" failures="1" tests="9" name="Test" time="92.319" errors="0" timestamp="2025-07-02T09:22:19 IST">
  <testcase classname="testScenarios.Rediff" name="openRediff" time="30.349"/>
  <testcase classname="testScenarios.Rediff" name="loginRediff" time="0.048">
    <failure type="java.lang.AssertionError" message="The following asserts failed:
	expected [rediffmail - Free Email for Login with Secure Access] but found [Rediffmail - Free Email for Login with Secure Access]">
      <![CDATA[java.lang.AssertionError: The following asserts failed:
expected [rediffmail - Free Email for Login with Secure Access] but found [Rediffmail - Free Email for Login with Secure Access]
at testScenarios.Rediff.loginRediff(Rediff.java:39)
at java.base/java.util.ArrayList.forEach(ArrayList.java:1596)
... Removed 27 stack frames]]>
    </failure>
  </testcase> <!-- loginRediff -->
  <testcase classname="testScenarios.Rediff" name="closeRediff" time="0.254"/>
  <testcase classname="testScenarios.MouseHoverActions" name="datePicker" time="9.488"/>
  <testcase classname="testScenarios.MouseHoverActions" name="dragAndDrop" time="3.143"/>
  <testcase classname="testScenarios.DynDataHand" name="dynData" time="10.504"/>
  <testcase classname="testScenarios.Vindeep" name="vin" time="10.449"/>
  <testcase classname="testScenarios.ThruTextFile" name="writeAndReadFrmtxtFile" time="0.005"/>
  <testcase classname="testScenarios.SwitchingWind" name="switchWin" time="27.984"/>
  <testcase classname="testScenarios.Rediff" name="loginRediff1" time="0.0">
    <ignored/>
  </testcase> <!-- loginRediff1 -->
</testsuite> <!-- Test -->
