<?xml version="1.0" encoding="UTF-8"?>
<!-- Generated by org.testng.reporters.JUnitXMLReporter -->
<testsuite ignored="1" hostname="LAPTOP-BIM2FR3V" failures="0" tests="9" name="Test" time="69.106" errors="0" timestamp="2025-07-03T09:58:22 IST">
  <testcase classname="testScenarios.Rediff" name="openRediff" time="12.158"/>
  <testcase classname="testScenarios.Rediff" name="loginRediff" time="0.023"/>
  <testcase classname="testScenarios.Rediff" name="closeRediff" time="0.275"/>
  <testcase classname="testScenarios.MouseHoverActions" name="datePicker" time="12.506"/>
  <testcase classname="testScenarios.MouseHoverActions" name="dragAndDrop" time="3.043"/>
  <testcase classname="testScenarios.DynDataHand" name="dynData" time="4.659"/>
  <testcase classname="testScenarios.Vindeep" name="vin" time="10.007"/>
  <testcase classname="testScenarios.ThruTextFile" name="writeAndReadFrmtxtFile" time="0.004"/>
  <testcase classname="testScenarios.SwitchingWind" name="switchWin" time="26.316"/>
  <testcase classname="testScenarios.Rediff" name="loginRediff1" time="0.0">
    <ignored/>
  </testcase> <!-- loginRediff1 -->
</testsuite> <!-- Test -->
