<?xml version="1.0" encoding="UTF-8"?>
<testng-results ignored="1" total="10" passed="9" failed="0" skipped="0">
  <reporter-output>
  </reporter-output>
  <suite started-at="2025-07-03T09:57:13 IST" name="Suite" finished-at="2025-07-03T09:58:22 IST" duration-ms="69106">
    <groups>
    </groups>
    <test started-at="2025-07-03T09:57:13 IST" name="Test" finished-at="2025-07-03T09:58:22 IST" duration-ms="69106">
      <class name="testScenarios.Rediff">
        <test-method signature="openRediff()[pri:1, instance:testScenarios.Rediff@498d318c]" started-at="2025-07-03T09:57:13 IST" name="openRediff" finished-at="2025-07-03T09:57:25 IST" duration-ms="12158" status="PASS">
          <reporter-output>
          </reporter-output>
        </test-method> <!-- openRediff -->
        <test-method signature="loginRediff()[pri:2, instance:testScenarios.Rediff@498d318c]" started-at="2025-07-03T09:57:25 IST" name="loginRediff" description="Soft Assert" finished-at="2025-07-03T09:57:25 IST" duration-ms="23" status="PASS">
          <reporter-output>
          </reporter-output>
        </test-method> <!-- loginRediff -->
        <test-method signature="closeRediff()[pri:3, instance:testScenarios.Rediff@498d318c]" started-at="2025-07-03T09:57:25 IST" name="closeRediff" finished-at="2025-07-03T09:57:25 IST" duration-ms="275" status="PASS">
          <reporter-output>
          </reporter-output>
        </test-method> <!-- closeRediff -->
      </class> <!-- testScenarios.Rediff -->
      <class name="testScenarios.SwitchingWind">
        <test-method signature="switchWin()[pri:0, instance:testScenarios.SwitchingWind@1d9b7cce]" started-at="2025-07-03T09:57:55 IST" name="switchWin" finished-at="2025-07-03T09:58:22 IST" duration-ms="26316" status="PASS">
          <reporter-output>
          </reporter-output>
        </test-method> <!-- switchWin -->
      </class> <!-- testScenarios.SwitchingWind -->
      <class name="testScenarios.MouseHoverActions">
        <test-method signature="datePicker()[pri:0, instance:testScenarios.MouseHoverActions@384ad17b]" started-at="2025-07-03T09:57:25 IST" name="datePicker" finished-at="2025-07-03T09:57:38 IST" duration-ms="12506" status="PASS">
          <reporter-output>
          </reporter-output>
        </test-method> <!-- datePicker -->
        <test-method signature="dragAndDrop()[pri:0, instance:testScenarios.MouseHoverActions@384ad17b]" started-at="2025-07-03T09:57:38 IST" name="dragAndDrop" finished-at="2025-07-03T09:57:41 IST" duration-ms="3043" status="PASS">
          <reporter-output>
          </reporter-output>
        </test-method> <!-- dragAndDrop -->
      </class> <!-- testScenarios.MouseHoverActions -->
      <class name="testScenarios.ThruTextFile">
        <test-method signature="writeAndReadFrmtxtFile()[pri:0, instance:testScenarios.ThruTextFile@7334aada]" started-at="2025-07-03T09:57:55 IST" name="writeAndReadFrmtxtFile" finished-at="2025-07-03T09:57:55 IST" duration-ms="4" status="PASS">
          <reporter-output>
          </reporter-output>
        </test-method> <!-- writeAndReadFrmtxtFile -->
      </class> <!-- testScenarios.ThruTextFile -->
      <class name="testScenarios.Vindeep">
        <test-method signature="vin()[pri:0, instance:testScenarios.Vindeep@441772e]" started-at="2025-07-03T09:57:45 IST" name="vin" finished-at="2025-07-03T09:57:55 IST" duration-ms="10007" status="PASS">
          <reporter-output>
          </reporter-output>
        </test-method> <!-- vin -->
      </class> <!-- testScenarios.Vindeep -->
      <class name="testScenarios.DynDataHand">
        <test-method signature="dynData()[pri:0, instance:testScenarios.DynDataHand@61862a7f]" started-at="2025-07-03T09:57:41 IST" name="dynData" finished-at="2025-07-03T09:57:45 IST" duration-ms="4659" status="PASS">
          <reporter-output>
          </reporter-output>
        </test-method> <!-- dynData -->
      </class> <!-- testScenarios.DynDataHand -->
    </test> <!-- Test -->
  </suite> <!-- Suite -->
</testng-results>
