<?xml version="1.0" encoding="UTF-8"?>
<testsuite xmlns:xsi="http://www.w3.org/2001/XMLSchema-instance" xsi:noNamespaceSchemaLocation="https://maven.apache.org/surefire/maven-surefire-plugin/xsd/surefire-test-report.xsd" version="3.0.1" name="TestSuite" time="69.969" tests="9" errors="0" skipped="0" failures="0">
  <properties>
[...]
</properties>
  <testcase name="openRediff" classname="testScenarios.Rediff" time="12.164">
    <system-err><![CDATA[SLF4J(W): No SLF4J providers were found.
SLF4J(W): Defaulting to no-operation (NOP) logger implementation
SLF4J(W): See https://www.slf4j.org/codes.html#noProviders for further details.
]]></system-err>
  </testcase>
  <testcase name="loginRediff" classname="testScenarios.Rediff" time="0.023">
    <system-out><![CDATA[Title=Rediffmail - Free Email for Login with Secure Access
Assert Executed...
]]></system-out>
  </testcase>
  <testcase name="closeRediff" classname="testScenarios.Rediff" time="0.275"/>
  <testcase name="datePicker" classname="testScenarios.MouseHoverActions" time="12.506"/>
  <testcase name="dragAndDrop" classname="testScenarios.MouseHoverActions" time="3.046"/>
  <testcase name="dynData" classname="testScenarios.DynDataHand" time="4.66">
    <system-out><![CDATA[What is 6 + 4
6	4
Calculation is correct..
What is 4 + 3
4	3
Calculation is correct..
What is 4 + 1
4	1
Calculation is correct..
]]></system-out>
  </testcase>
  <testcase name="vin" classname="testScenarios.Vindeep" time="10.008">
    <system-out><![CDATA[Title=Fixed Deposit Calculator | Calculate FD Interest, Maturity value
title matched..
total items=3
Days
Item matched...
Months
Item matched...
Years
Item matched...
FD Maturity Amount=202,068
]]></system-out>
  </testcase>
  <testcase name="writeAndReadFrmtxtFile" classname="testScenarios.ThruTextFile" time="0.006">
    <system-out><![CDATA[this is my first Line
this is my second line
]]></system-out>
  </testcase>
  <testcase name="switchWin" classname="testScenarios.SwitchingWind" time="26.316">
    <system-out><![CDATA[Total windows=2
8524C057BA28171B82D4F4920C5D59EA
0E636C2377380ACE9BA0C932C28A8469
window1 title=W3Schools Tryit Editor
window2 title=W3Schools Online Web Tutorials
]]></system-out>
  </testcase>
</testsuite>