<?xml version="1.0" encoding="UTF-8"?>
<testng-results ignored="1" total="10" passed="9" failed="0" skipped="0">
  <reporter-output>
  </reporter-output>
  <suite started-at="2025-07-02T10:19:54 IST" name="Default suite" finished-at="2025-07-02T10:20:55 IST" duration-ms="60548">
    <groups>
    </groups>
    <test started-at="2025-07-02T10:19:54 IST" name="Default test" finished-at="2025-07-02T10:20:55 IST" duration-ms="60548">
      <class name="testScenarios.Rediff">
        <test-method signature="openRediff()[pri:1, instance:testScenarios.Rediff@7b2bbc3]" started-at="2025-07-02T10:19:54 IST" name="openRediff" finished-at="2025-07-02T10:20:03 IST" duration-ms="8427" status="PASS">
          <reporter-output>
          </reporter-output>
        </test-method> <!-- openRediff -->
        <test-method signature="loginRediff()[pri:2, instance:testScenarios.Rediff@7b2bbc3]" started-at="2025-07-02T10:20:03 IST" name="loginRediff" description="Soft Assert" finished-at="2025-07-02T10:20:03 IST" duration-ms="17" status="PASS">
          <reporter-output>
          </reporter-output>
        </test-method> <!-- loginRediff -->
        <test-method signature="closeRediff()[pri:3, instance:testScenarios.Rediff@7b2bbc3]" started-at="2025-07-02T10:20:03 IST" name="closeRediff" finished-at="2025-07-02T10:20:03 IST" duration-ms="212" status="PASS">
          <reporter-output>
          </reporter-output>
        </test-method> <!-- closeRediff -->
      </class> <!-- testScenarios.Rediff -->
      <class name="testScenarios.SwitchingWind">
        <test-method signature="switchWin()[pri:0, instance:testScenarios.SwitchingWind@5656be13]" started-at="2025-07-02T10:20:03 IST" name="switchWin" finished-at="2025-07-02T10:20:29 IST" duration-ms="26389" status="PASS">
          <reporter-output>
          </reporter-output>
        </test-method> <!-- switchWin -->
      </class> <!-- testScenarios.SwitchingWind -->
      <class name="testScenarios.MouseHoverActions">
        <test-method signature="datePicker()[pri:0, instance:testScenarios.MouseHoverActions@4218d6a3]" started-at="2025-07-02T10:20:29 IST" name="datePicker" finished-at="2025-07-02T10:20:35 IST" duration-ms="6142" status="PASS">
          <reporter-output>
          </reporter-output>
        </test-method> <!-- datePicker -->
        <test-method signature="dragAndDrop()[pri:0, instance:testScenarios.MouseHoverActions@4218d6a3]" started-at="2025-07-02T10:20:35 IST" name="dragAndDrop" finished-at="2025-07-02T10:20:38 IST" duration-ms="2513" status="PASS">
          <reporter-output>
          </reporter-output>
        </test-method> <!-- dragAndDrop -->
      </class> <!-- testScenarios.MouseHoverActions -->
      <class name="testScenarios.DynDataHand">
        <test-method signature="dynData()[pri:0, instance:testScenarios.DynDataHand@77888435]" started-at="2025-07-02T10:20:50 IST" name="dynData" finished-at="2025-07-02T10:20:55 IST" duration-ms="4408" status="PASS">
          <reporter-output>
          </reporter-output>
        </test-method> <!-- dynData -->
      </class> <!-- testScenarios.DynDataHand -->
      <class name="testScenarios.Vindeep">
        <test-method signature="vin()[pri:0, instance:testScenarios.Vindeep@14cd1699]" started-at="2025-07-02T10:20:38 IST" name="vin" finished-at="2025-07-02T10:20:50 IST" duration-ms="12375" status="PASS">
          <reporter-output>
          </reporter-output>
        </test-method> <!-- vin -->
      </class> <!-- testScenarios.Vindeep -->
      <class name="testScenarios.ThruTextFile">
        <test-method signature="writeAndReadFrmtxtFile()[pri:0, instance:testScenarios.ThruTextFile@76505305]" started-at="2025-07-02T10:20:38 IST" name="writeAndReadFrmtxtFile" finished-at="2025-07-02T10:20:38 IST" duration-ms="5" status="PASS">
          <reporter-output>
          </reporter-output>
        </test-method> <!-- writeAndReadFrmtxtFile -->
      </class> <!-- testScenarios.ThruTextFile -->
    </test> <!-- Default test -->
  </suite> <!-- Default suite -->
</testng-results>
