<?xml version="1.0" encoding="UTF-8"?>
<!-- Generated by org.testng.reporters.JUnitReportReporter -->
<testsuite hostname="LAPTOP-BIM2FR3V" failures="0" tests="2" name="testScenarios.MouseHoverActions" time="8.655" errors="0" timestamp="2025-07-02T10:20:55 IST" skipped="0">
  <testcase classname="testScenarios.MouseHoverActions" name="datePicker" time="6.142"/>
  <testcase classname="testScenarios.MouseHoverActions" name="dragAndDrop" time="2.513"/>
</testsuite> <!-- testScenarios.MouseHoverActions -->
