<?xml version="1.0" encoding="UTF-8"?>
<!-- Generated by org.testng.reporters.JUnitReportReporter -->
<testsuite hostname="LAPTOP-BIM2FR3V" failures="0" tests="4" name="testScenarios.Rediff" time="8.656" errors="0" timestamp="2025-07-02T10:20:55 IST" skipped="1">
  <testcase classname="testScenarios.Rediff" name="openRediff" time="8.427"/>
  <testcase classname="testScenarios.Rediff" name="loginRediff" time="0.017"/>
  <testcase classname="testScenarios.Rediff" name="closeRediff" time="0.212"/>
  <testcase classname="testScenarios.Rediff" name="loginRediff1">
    <skipped/>
  </testcase> <!-- loginRediff1 -->
</testsuite> <!-- testScenarios.Rediff -->
