<?xml version="1.0" encoding="UTF-8"?>
<!-- Generated by org.testng.reporters.JUnitReportReporter -->
<testsuite hostname="LAPTOP-BIM2FR3V" failures="0" tests="4" name="testScenarios.Rediff" time="12.456" errors="0" timestamp="2025-07-03T09:58:22 IST" skipped="1">
  <testcase classname="testScenarios.Rediff" name="openRediff" time="12.158"/>
  <testcase classname="testScenarios.Rediff" name="loginRediff" time="0.023"/>
  <testcase classname="testScenarios.Rediff" name="closeRediff" time="0.275"/>
  <testcase classname="testScenarios.Rediff" name="loginRediff1">
    <skipped/>
  </testcase> <!-- loginRediff1 -->
</testsuite> <!-- testScenarios.Rediff -->
