<?xml version="1.0" encoding="UTF-8"?>
<!-- Generated by org.testng.reporters.JUnitReportReporter -->
<testsuite hostname="LAPTOP-BIM2FR3V" failures="0" tests="2" name="testScenarios.MouseHoverActions" time="15.549" errors="0" timestamp="2025-07-03T09:58:22 IST" skipped="0">
  <testcase classname="testScenarios.MouseHoverActions" name="datePicker" time="12.506"/>
  <testcase classname="testScenarios.MouseHoverActions" name="dragAndDrop" time="3.043"/>
</testsuite> <!-- testScenarios.MouseHoverActions -->
